d:\simplaneexe\softbody\simworlds dxbase\bin\desktop_2013\win32\debug\directxtk.pch
d:\simplaneexe\softbody\simworlds dxbase\bin\desktop_2013\win32\debug\directxtk.pdb
d:\simplaneexe\softbody\simworlds dxbase\bin\desktop_2013\win32\debug\directxtk.idb
d:\simplaneexe\softbody\simworlds dxbase\bin\desktop_2013\win32\debug\pch.obj
d:\simplaneexe\softbody\simworlds dxbase\bin\desktop_2013\win32\debug\dgsleffectfactory.obj
d:\simplaneexe\softbody\simworlds dxbase\bin\desktop_2013\win32\debug\dualtextureeffect.obj
d:\simplaneexe\softbody\simworlds dxbase\bin\desktop_2013\win32\debug\binaryreader.obj
d:\simplaneexe\softbody\simworlds dxbase\bin\desktop_2013\win32\debug\effectcommon.obj
d:\simplaneexe\softbody\simworlds dxbase\bin\desktop_2013\win32\debug\effectfactory.obj
d:\simplaneexe\softbody\simworlds dxbase\bin\desktop_2013\win32\debug\environmentmapeffect.obj
d:\simplaneexe\softbody\simworlds dxbase\bin\desktop_2013\win32\debug\gamepad.obj
d:\simplaneexe\softbody\simworlds dxbase\bin\desktop_2013\win32\debug\geometricprimitive.obj
d:\simplaneexe\softbody\simworlds dxbase\bin\desktop_2013\win32\debug\model.obj
d:\simplaneexe\softbody\simworlds dxbase\bin\desktop_2013\win32\debug\modelloadcmo.obj
d:\simplaneexe\softbody\simworlds dxbase\bin\desktop_2013\win32\debug\modelloadsdkmesh.obj
d:\simplaneexe\softbody\simworlds dxbase\bin\desktop_2013\win32\debug\modelloadvbo.obj
d:\simplaneexe\softbody\simworlds dxbase\bin\desktop_2013\win32\debug\screengrab.obj
d:\simplaneexe\softbody\simworlds dxbase\bin\desktop_2013\win32\debug\simplemath.obj
d:\simplaneexe\softbody\simworlds dxbase\bin\desktop_2013\win32\debug\skinnedeffect.obj
d:\simplaneexe\softbody\simworlds dxbase\bin\desktop_2013\win32\debug\spritebatch.obj
d:\simplaneexe\softbody\simworlds dxbase\bin\desktop_2013\win32\debug\primitivebatch.obj
d:\simplaneexe\softbody\simworlds dxbase\bin\desktop_2013\win32\debug\spritefont.obj
d:\simplaneexe\softbody\simworlds dxbase\bin\desktop_2013\win32\debug\vertextypes.obj
d:\simplaneexe\softbody\simworlds dxbase\bin\desktop_2013\win32\debug\wictextureloader.obj
d:\simplaneexe\softbody\simworlds dxbase\bin\desktop_2013\win32\debug\alphatesteffect.obj
d:\simplaneexe\softbody\simworlds dxbase\bin\desktop_2013\win32\debug\basiceffect.obj
d:\simplaneexe\softbody\simworlds dxbase\bin\desktop_2013\win32\debug\commonstates.obj
d:\simplaneexe\softbody\simworlds dxbase\bin\desktop_2013\win32\debug\ddstextureloader.obj
d:\simplaneexe\softbody\simworlds dxbase\bin\desktop_2013\win32\debug\dgsleffect.obj
d:\simplaneexe\softbody\simworlds dxbase\bin\desktop_2013\win32\debug\directxtk.lib
d:\simplaneexe\softbody\simworlds dxbase\bin\desktop_2013\win32\debug\directxt.e0b52ae7.tlog\cl.command.1.tlog
d:\simplaneexe\softbody\simworlds dxbase\bin\desktop_2013\win32\debug\directxt.e0b52ae7.tlog\cl.read.1.tlog
d:\simplaneexe\softbody\simworlds dxbase\bin\desktop_2013\win32\debug\directxt.e0b52ae7.tlog\cl.write.1.tlog
d:\simplaneexe\softbody\simworlds dxbase\bin\desktop_2013\win32\debug\directxt.e0b52ae7.tlog\lib-link.read.1.tlog
d:\simplaneexe\softbody\simworlds dxbase\bin\desktop_2013\win32\debug\directxt.e0b52ae7.tlog\lib-link.write.1.tlog
d:\simplaneexe\softbody\simworlds dxbase\bin\desktop_2013\win32\debug\directxt.e0b52ae7.tlog\lib.command.1.tlog
