d:\simplaneexe\softbody\simworlds dxbase\game\debug\vc120.pdb
d:\simplaneexe\softbody\simworlds dxbase\game\debug\vc120.idb
d:\simplaneexe\softbody\simworlds dxbase\game\debug\vbplane.obj
d:\simplaneexe\softbody\simworlds dxbase\game\debug\vbgo.obj
d:\simplaneexe\softbody\simworlds dxbase\game\debug\vbcube.obj
d:\simplaneexe\softbody\simworlds dxbase\game\debug\tutorial01.obj
d:\simplaneexe\softbody\simworlds dxbase\game\debug\turret_base.obj
d:\simplaneexe\softbody\simworlds dxbase\game\debug\tpscamera.obj
d:\simplaneexe\softbody\simworlds dxbase\game\debug\terrain.obj
d:\simplaneexe\softbody\simworlds dxbase\game\debug\snail.obj
d:\simplaneexe\softbody\simworlds dxbase\game\debug\light.obj
d:\simplaneexe\softbody\simworlds dxbase\game\debug\gameobject2d.obj
d:\simplaneexe\softbody\simworlds dxbase\game\debug\gameobject.obj
d:\simplaneexe\softbody\simworlds dxbase\game\debug\game.obj
d:\simplaneexe\softbody\simworlds dxbase\game\debug\filevbgo.obj
d:\simplaneexe\softbody\simworlds dxbase\game\debug\cmogo.obj
d:\simplaneexe\softbody\simworlds dxbase\game\debug\camera.obj
d:\simplaneexe\softbody\simworlds dxbase\game\debug\ripple.obj
d:\simplaneexe\softbody\simworlds dxbase\debug\game.ilk
d:\simplaneexe\softbody\simworlds dxbase\debug\game.exe
d:\simplaneexe\softbody\simworlds dxbase\debug\game.pdb
d:\simplaneexe\softbody\simworlds dxbase\game\debug\tutorial01.res
d:\simplaneexe\softbody\simworlds dxbase\game\debug\game.tlog\cl.command.1.tlog
d:\simplaneexe\softbody\simworlds dxbase\game\debug\game.tlog\cl.read.1.tlog
d:\simplaneexe\softbody\simworlds dxbase\game\debug\game.tlog\cl.write.1.tlog
d:\simplaneexe\softbody\simworlds dxbase\game\debug\game.tlog\link.command.1.tlog
d:\simplaneexe\softbody\simworlds dxbase\game\debug\game.tlog\link.read.1.tlog
d:\simplaneexe\softbody\simworlds dxbase\game\debug\game.tlog\link.write.1.tlog
d:\simplaneexe\softbody\simworlds dxbase\game\debug\game.tlog\rc.command.1.tlog
d:\simplaneexe\softbody\simworlds dxbase\game\debug\game.tlog\rc.read.1.tlog
d:\simplaneexe\softbody\simworlds dxbase\game\debug\game.tlog\rc.write.1.tlog
