d:\simplaneexe\softbody\simworlds dxbase\debug\grass.dds
d:\simplaneexe\softbody\simworlds dxbase\debug\white.dds
d:\simplaneexe\softbody\simworlds dxbase\debug\logo.dds
c:\programdata\nvidia corporation\drs\nvapptimestamps
d:\simplaneexe\softbody\simworlds dxbase\debug\treasure_chest.cmo
d:\simplaneexe\softbody\simworlds dxbase\debug\_program files (x86)_microsoft visual studio 12.0_common7_ide_extensions_microsoft_vsgraphics_assets_effects_phong.dgsl.cso
d:\simplaneexe\softbody\simworlds dxbase\assets\table.fbm\jalka.png
d:\simplaneexe\softbody\simworlds dxbase\assets\table.fbm\poytalevy.png
d:\simplaneexe\softbody\simworlds dxbase\debug\table.cmo
d:\simplaneexe\softbody\simworlds dxbase\debug\_simplaneexe_softbody_simworlds dxbase_assets_table.fbm_jalka.png.dds
d:\simplaneexe\softbody\simworlds dxbase\debug\_simplaneexe_softbody_simworlds dxbase_assets_table.fbm_poytalevy.png.dds
d:\simplaneexe\softbody\simworlds dxbase\assets\debug\assets.tlog\imagecontenttask-vsgraphics.1396.read.1.tlog
d:\simplaneexe\softbody\simworlds dxbase\assets\debug\assets.tlog\imagecontenttask-vsgraphics.1396.read.2.tlog
d:\simplaneexe\softbody\simworlds dxbase\assets\debug\assets.tlog\imagecontenttask-vsgraphics.1396.write.1.tlog
d:\simplaneexe\softbody\simworlds dxbase\assets\debug\assets.tlog\imagecontenttask-vsgraphics.1396.write.2.tlog
d:\simplaneexe\softbody\simworlds dxbase\assets\debug\assets.tlog\imagecontenttask-vsgraphics.15352.read.1.tlog
d:\simplaneexe\softbody\simworlds dxbase\assets\debug\assets.tlog\imagecontenttask-vsgraphics.15352.read.2.tlog
d:\simplaneexe\softbody\simworlds dxbase\assets\debug\assets.tlog\imagecontenttask-vsgraphics.15352.write.1.tlog
d:\simplaneexe\softbody\simworlds dxbase\assets\debug\assets.tlog\imagecontenttask-vsgraphics.15352.write.2.tlog
d:\simplaneexe\softbody\simworlds dxbase\assets\debug\assets.tlog\imagecontenttask-vsgraphics.16528.read.1.tlog
d:\simplaneexe\softbody\simworlds dxbase\assets\debug\assets.tlog\imagecontenttask-vsgraphics.16528.read.2.tlog
d:\simplaneexe\softbody\simworlds dxbase\assets\debug\assets.tlog\imagecontenttask-vsgraphics.16528.write.1.tlog
d:\simplaneexe\softbody\simworlds dxbase\assets\debug\assets.tlog\imagecontenttask-vsgraphics.16528.write.2.tlog
d:\simplaneexe\softbody\simworlds dxbase\assets\debug\assets.tlog\imagecontenttask-vsgraphics.17376.read.1.tlog
d:\simplaneexe\softbody\simworlds dxbase\assets\debug\assets.tlog\imagecontenttask-vsgraphics.17376.read.2.tlog
d:\simplaneexe\softbody\simworlds dxbase\assets\debug\assets.tlog\imagecontenttask-vsgraphics.17376.write.1.tlog
d:\simplaneexe\softbody\simworlds dxbase\assets\debug\assets.tlog\imagecontenttask-vsgraphics.17376.write.2.tlog
d:\simplaneexe\softbody\simworlds dxbase\assets\debug\assets.tlog\imagecontenttask-vsgraphics.24520.read.1.tlog
d:\simplaneexe\softbody\simworlds dxbase\assets\debug\assets.tlog\imagecontenttask-vsgraphics.24520.read.2.tlog
d:\simplaneexe\softbody\simworlds dxbase\assets\debug\assets.tlog\imagecontenttask-vsgraphics.24520.write.1.tlog
d:\simplaneexe\softbody\simworlds dxbase\assets\debug\assets.tlog\imagecontenttask-vsgraphics.24520.write.2.tlog
d:\simplaneexe\softbody\simworlds dxbase\assets\debug\assets.tlog\imagecontenttask-vsgraphics.2724.read.1.tlog
d:\simplaneexe\softbody\simworlds dxbase\assets\debug\assets.tlog\imagecontenttask-vsgraphics.2724.read.2.tlog
d:\simplaneexe\softbody\simworlds dxbase\assets\debug\assets.tlog\imagecontenttask-vsgraphics.2724.write.1.tlog
d:\simplaneexe\softbody\simworlds dxbase\assets\debug\assets.tlog\imagecontenttask-vsgraphics.2724.write.2.tlog
d:\simplaneexe\softbody\simworlds dxbase\assets\debug\assets.tlog\imagecontenttask-vsgraphics.3944.read.1.tlog
d:\simplaneexe\softbody\simworlds dxbase\assets\debug\assets.tlog\imagecontenttask-vsgraphics.3944.read.2.tlog
d:\simplaneexe\softbody\simworlds dxbase\assets\debug\assets.tlog\imagecontenttask-vsgraphics.3944.write.1.tlog
d:\simplaneexe\softbody\simworlds dxbase\assets\debug\assets.tlog\imagecontenttask-vsgraphics.3944.write.2.tlog
d:\simplaneexe\softbody\simworlds dxbase\assets\debug\assets.tlog\imagecontenttask-vsgraphics.484.read.1.tlog
d:\simplaneexe\softbody\simworlds dxbase\assets\debug\assets.tlog\imagecontenttask-vsgraphics.484.read.2.tlog
d:\simplaneexe\softbody\simworlds dxbase\assets\debug\assets.tlog\imagecontenttask-vsgraphics.484.write.1.tlog
d:\simplaneexe\softbody\simworlds dxbase\assets\debug\assets.tlog\imagecontenttask-vsgraphics.484.write.2.tlog
d:\simplaneexe\softbody\simworlds dxbase\assets\debug\assets.tlog\imagecontenttask-vsgraphics.6336.read.1.tlog
d:\simplaneexe\softbody\simworlds dxbase\assets\debug\assets.tlog\imagecontenttask-vsgraphics.6336.read.2.tlog
d:\simplaneexe\softbody\simworlds dxbase\assets\debug\assets.tlog\imagecontenttask-vsgraphics.6336.write.1.tlog
d:\simplaneexe\softbody\simworlds dxbase\assets\debug\assets.tlog\imagecontenttask-vsgraphics.6336.write.2.tlog
d:\simplaneexe\softbody\simworlds dxbase\assets\debug\assets.tlog\imagecontenttask-vsgraphics.6456.read.1.tlog
d:\simplaneexe\softbody\simworlds dxbase\assets\debug\assets.tlog\imagecontenttask-vsgraphics.6456.read.2.tlog
d:\simplaneexe\softbody\simworlds dxbase\assets\debug\assets.tlog\imagecontenttask-vsgraphics.6456.write.1.tlog
d:\simplaneexe\softbody\simworlds dxbase\assets\debug\assets.tlog\imagecontenttask-vsgraphics.6456.write.2.tlog
d:\simplaneexe\softbody\simworlds dxbase\assets\debug\assets.tlog\imagecontenttask-vsgraphics.7932.read.1.tlog
d:\simplaneexe\softbody\simworlds dxbase\assets\debug\assets.tlog\imagecontenttask-vsgraphics.7932.read.2.tlog
d:\simplaneexe\softbody\simworlds dxbase\assets\debug\assets.tlog\imagecontenttask-vsgraphics.7932.write.1.tlog
d:\simplaneexe\softbody\simworlds dxbase\assets\debug\assets.tlog\imagecontenttask-vsgraphics.7932.write.2.tlog
d:\simplaneexe\softbody\simworlds dxbase\assets\debug\assets.tlog\imagecontenttask-vsgraphics.7940.read.1.tlog
d:\simplaneexe\softbody\simworlds dxbase\assets\debug\assets.tlog\imagecontenttask-vsgraphics.7940.read.2.tlog
d:\simplaneexe\softbody\simworlds dxbase\assets\debug\assets.tlog\imagecontenttask-vsgraphics.7940.write.1.tlog
d:\simplaneexe\softbody\simworlds dxbase\assets\debug\assets.tlog\imagecontenttask-vsgraphics.7940.write.2.tlog
d:\simplaneexe\softbody\simworlds dxbase\assets\debug\assets.tlog\imagecontenttask-vsgraphics.7964.read.1.tlog
d:\simplaneexe\softbody\simworlds dxbase\assets\debug\assets.tlog\imagecontenttask-vsgraphics.7964.read.2.tlog
d:\simplaneexe\softbody\simworlds dxbase\assets\debug\assets.tlog\imagecontenttask-vsgraphics.7964.write.1.tlog
d:\simplaneexe\softbody\simworlds dxbase\assets\debug\assets.tlog\imagecontenttask-vsgraphics.7964.write.2.tlog
d:\simplaneexe\softbody\simworlds dxbase\assets\debug\assets.tlog\imagecontenttask-vsgraphics.920.read.1.tlog
d:\simplaneexe\softbody\simworlds dxbase\assets\debug\assets.tlog\imagecontenttask-vsgraphics.920.read.2.tlog
d:\simplaneexe\softbody\simworlds dxbase\assets\debug\assets.tlog\imagecontenttask-vsgraphics.920.write.1.tlog
d:\simplaneexe\softbody\simworlds dxbase\assets\debug\assets.tlog\imagecontenttask-vsgraphics.920.write.2.tlog
d:\simplaneexe\softbody\simworlds dxbase\assets\debug\assets.tlog\imagecontenttask-vsgraphics.read.1.tlog
d:\simplaneexe\softbody\simworlds dxbase\assets\debug\assets.tlog\imagecontenttask-vsgraphics.read.2.tlog
d:\simplaneexe\softbody\simworlds dxbase\assets\debug\assets.tlog\imagecontenttask-vsgraphics.write.1.tlog
d:\simplaneexe\softbody\simworlds dxbase\assets\debug\assets.tlog\imagecontenttask-vsgraphics.write.2.tlog
d:\simplaneexe\softbody\simworlds dxbase\assets\debug\assets.tlog\imagecontenttask.read.1.tlog
d:\simplaneexe\softbody\simworlds dxbase\assets\debug\assets.tlog\meshcontenttask-vsgraphics.15276.read.1.tlog
d:\simplaneexe\softbody\simworlds dxbase\assets\debug\assets.tlog\meshcontenttask-vsgraphics.15276.read.2.tlog
d:\simplaneexe\softbody\simworlds dxbase\assets\debug\assets.tlog\meshcontenttask-vsgraphics.15276.write.1.tlog
d:\simplaneexe\softbody\simworlds dxbase\assets\debug\assets.tlog\meshcontenttask-vsgraphics.15276.write.2.tlog
d:\simplaneexe\softbody\simworlds dxbase\assets\debug\assets.tlog\meshcontenttask-vsgraphics.1792.read.1.tlog
d:\simplaneexe\softbody\simworlds dxbase\assets\debug\assets.tlog\meshcontenttask-vsgraphics.1792.read.2.tlog
d:\simplaneexe\softbody\simworlds dxbase\assets\debug\assets.tlog\meshcontenttask-vsgraphics.1792.write.1.tlog
d:\simplaneexe\softbody\simworlds dxbase\assets\debug\assets.tlog\meshcontenttask-vsgraphics.1792.write.2.tlog
d:\simplaneexe\softbody\simworlds dxbase\assets\debug\assets.tlog\meshcontenttask-vsgraphics.2416.read.1.tlog
d:\simplaneexe\softbody\simworlds dxbase\assets\debug\assets.tlog\meshcontenttask-vsgraphics.2416.read.2.tlog
d:\simplaneexe\softbody\simworlds dxbase\assets\debug\assets.tlog\meshcontenttask-vsgraphics.2416.write.1.tlog
d:\simplaneexe\softbody\simworlds dxbase\assets\debug\assets.tlog\meshcontenttask-vsgraphics.2416.write.2.tlog
d:\simplaneexe\softbody\simworlds dxbase\assets\debug\assets.tlog\meshcontenttask-vsgraphics.29728.read.1.tlog
d:\simplaneexe\softbody\simworlds dxbase\assets\debug\assets.tlog\meshcontenttask-vsgraphics.29728.read.2.tlog
d:\simplaneexe\softbody\simworlds dxbase\assets\debug\assets.tlog\meshcontenttask-vsgraphics.29728.write.1.tlog
d:\simplaneexe\softbody\simworlds dxbase\assets\debug\assets.tlog\meshcontenttask-vsgraphics.29728.write.2.tlog
d:\simplaneexe\softbody\simworlds dxbase\assets\debug\assets.tlog\meshcontenttask-vsgraphics.6828.read.1.tlog
d:\simplaneexe\softbody\simworlds dxbase\assets\debug\assets.tlog\meshcontenttask-vsgraphics.6828.read.2.tlog
d:\simplaneexe\softbody\simworlds dxbase\assets\debug\assets.tlog\meshcontenttask-vsgraphics.6828.write.1.tlog
d:\simplaneexe\softbody\simworlds dxbase\assets\debug\assets.tlog\meshcontenttask-vsgraphics.6828.write.2.tlog
d:\simplaneexe\softbody\simworlds dxbase\assets\debug\assets.tlog\meshcontenttask-vsgraphics.read.1.tlog
d:\simplaneexe\softbody\simworlds dxbase\assets\debug\assets.tlog\meshcontenttask-vsgraphics.read.2.tlog
d:\simplaneexe\softbody\simworlds dxbase\assets\debug\assets.tlog\meshcontenttask-vsgraphics.write.1.tlog
d:\simplaneexe\softbody\simworlds dxbase\assets\debug\assets.tlog\meshcontenttask-vsgraphics.write.2.tlog
