Build started 20/02/2015 13:57:19.
     1>Project "D:\SoftBody\SimWorlds DXBase\DXUT\Optional\DXUTOpt_DirectXTK_2012.vcxproj" on node 4 (Build target(s)).
     1>ClCompile:
         C:\Program Files (x86)\Microsoft Visual Studio 12.0\VC\bin\CL.exe /c /I..\..\Inc /I..\Core\ /Zi /nologo /W4 /WX- /O2 /Oi /Oy- /GL /D WIN32 /D NDEBUG /D _WINDOWS /D _LIB /D USE_DIRECTXTK /D _WIN32_WINNT=0x0600 /D _UNICODE /D UNICODE /Gm- /EHsc /MD /GS /Gy /arch:SSE2 /fp:fast /Zc:wchar_t /Zc:forScope /openmp- /Yc"DXUT.h" /Fp"libs\Win32\Release\DXUTOpt.pch" /Fo"libs\Win32\Release\\" /Fd"libs\Win32\Release\DXUTOpt.pdb" /Gd /TP /analyze- /errorReport:prompt  DXUTres.cpp
         DXUTres.cpp
         C:\Program Files (x86)\Microsoft Visual Studio 12.0\VC\bin\CL.exe /c /I..\..\Inc /I..\Core\ /Zi /nologo /W4 /WX- /O2 /Oi /Oy- /GL /D WIN32 /D NDEBUG /D _WINDOWS /D _LIB /D USE_DIRECTXTK /D _WIN32_WINNT=0x0600 /D _UNICODE /D UNICODE /Gm- /EHsc /MD /GS /Gy /arch:SSE2 /fp:fast /Zc:wchar_t /Zc:forScope /openmp- /Yu"DXUT.h" /Fp"libs\Win32\Release\DXUTOpt.pch" /Fo"libs\Win32\Release\\" /Fd"libs\Win32\Release\DXUTOpt.pdb" /Gd /TP /analyze- /errorReport:prompt  DXUTcamera.cpp DXUTgui.cpp DXUTguiIME.cpp DXUTsettingsdlg.cpp ImeUi.cpp SDKmisc.cpp
         DXUTcamera.cpp
         DXUTgui.cpp
         DXUTguiIME.cpp
         DXUTsettingsdlg.cpp
         ImeUi.cpp
         SDKmisc.cpp
       Lib:
         C:\Program Files (x86)\Microsoft Visual Studio 12.0\VC\bin\Lib.exe /OUT:"..\..\libs\Win32\Release\DXUTOpt.lib" /NOLOGO /LTCG libs\Win32\Release\DXUTcamera.obj
         libs\Win32\Release\DXUTgui.obj
         libs\Win32\Release\DXUTguiIME.obj
         libs\Win32\Release\DXUTres.obj
         libs\Win32\Release\DXUTsettingsdlg.obj
         libs\Win32\Release\ImeUi.obj
         libs\Win32\Release\SDKmisc.obj
         DXUTOpt_DirectXTK_2012.vcxproj -> D:\SoftBody\SimWorlds DXBase\DXUT\Optional\..\..\libs\Win32\Release\DXUTOpt.lib
     1>Done Building Project "D:\SoftBody\SimWorlds DXBase\DXUT\Optional\DXUTOpt_DirectXTK_2012.vcxproj" (Build target(s)).

Build succeeded.

Time Elapsed 00:00:02.50
